[debug] [2022-01-29T06:07:23.616Z] ----------------------------------------------------------------------
[debug] [2022-01-29T06:07:23.619Z] Command:       C:\Program Files\nodejs\node.exe C:\Users\Rasu\AppData\Roaming\npm\node_modules\firebase-tools\lib\bin\firebase.js init
[debug] [2022-01-29T06:07:23.619Z] CLI Version:   10.1.2
[debug] [2022-01-29T06:07:23.619Z] Platform:      win32
[debug] [2022-01-29T06:07:23.619Z] Node Version:  v16.6.1
[debug] [2022-01-29T06:07:23.621Z] Time:          Sat Jan 29 2022 12:07:23 GMT+0600 (Bangladesh Standard Time)
[debug] [2022-01-29T06:07:23.621Z] ----------------------------------------------------------------------
[debug] 
[debug] [2022-01-29T06:07:23.728Z] > command requires scopes: ["email","openid","https://www.googleapis.com/auth/cloudplatformprojects.readonly","https://www.googleapis.com/auth/firebase","https://www.googleapis.com/auth/cloud-platform"]
[debug] [2022-01-29T06:07:23.729Z] > authorizing via signed-in user (rashed54islam@gmail.com)
[info] 
     ######## #### ########  ######## ########     ###     ######  ########
     ##        ##  ##     ## ##       ##     ##  ##   ##  ##       ##
     ######    ##  ########  ######   ########  #########  ######  ######
     ##        ##  ##    ##  ##       ##     ## ##     ##       ## ##
     ##       #### ##     ## ######## ########  ##     ##  ######  ########

You're about to initialize a Firebase project in this directory:

  C:\Users\Rasu\Desktop\Important Task\Medi-Care-main

Before we get started, keep in mind:

  * You are initializing within an existing Firebase project directory

[info] 
=== Project Setup
[info] 
[info] First, let's associate this project directory with a Firebase project.
[info] You can create multiple project aliases by running firebase use --add, 
[info] but for now we'll just set up a default project.
[info] 
[debug] [2022-01-29T06:08:02.085Z] Using project from CLI flag: assignment-2-96a85
[debug] [2022-01-29T06:08:02.089Z] >>> [apiv2][query] GET https://firebase.googleapis.com/v1beta1/projects/assignment-2-96a85 [none]
[debug] [2022-01-29T06:08:02.771Z] <<< [apiv2][status] GET https://firebase.googleapis.com/v1beta1/projects/assignment-2-96a85 403
[debug] [2022-01-29T06:08:02.771Z] <<< [apiv2][body] GET https://firebase.googleapis.com/v1beta1/projects/assignment-2-96a85 {"error":{"code":403,"message":"The caller does not have permission","status":"PERMISSION_DENIED"}}
[debug] [2022-01-29T06:08:02.772Z] HTTP Error: 403, The caller does not have permission
[debug] [2022-01-29T06:08:02.773Z] FirebaseError: HTTP Error: 403, The caller does not have permission
    at module.exports (C:\Users\Rasu\AppData\Roaming\npm\node_modules\firebase-tools\lib\responseToError.js:38:12)
    at Client.doRequest (C:\Users\Rasu\AppData\Roaming\npm\node_modules\firebase-tools\lib\apiv2.js:241:23)
    at processTicksAndRejections (node:internal/process/task_queues:96:5)
    at async Client.request (C:\Users\Rasu\AppData\Roaming\npm\node_modules\firebase-tools\lib\apiv2.js:96:20)
    at async getFirebaseProject (C:\Users\Rasu\AppData\Roaming\npm\node_modules\firebase-tools\lib\management\projects.js:290:21)
    at async Object.doSetup [as project] (C:\Users\Rasu\AppData\Roaming\npm\node_modules\firebase-tools\lib\init\features\project.js:85:27)
    at async init (C:\Users\Rasu\AppData\Roaming\npm\node_modules\firebase-tools\lib\init\index.js:19:9)
[error] 
[error] Error: Failed to get Firebase project assignment-2-96a85. Please make sure the project exists and your account has permission to access it.
